c:\users\alexander wilms\documents\ausbildung\hochschule darmstadt\6. semester\simulation von robotersystemen\praktikum\termin 6 - breitensuche\termin6\x86\debug\obj\libpng\libpng.pch
c:\users\alexander wilms\documents\ausbildung\hochschule darmstadt\6. semester\simulation von robotersystemen\praktikum\termin 6 - breitensuche\termin6\x86\debug\obj\libpng\libpng.pdb
c:\users\alexander wilms\documents\ausbildung\hochschule darmstadt\6. semester\simulation von robotersystemen\praktikum\termin 6 - breitensuche\termin6\x86\debug\obj\libpng\libpng.idb
c:\users\alexander wilms\documents\ausbildung\hochschule darmstadt\6. semester\simulation von robotersystemen\praktikum\termin 6 - breitensuche\termin6\x86\debug\obj\libpng\png.obj
c:\users\alexander wilms\documents\ausbildung\hochschule darmstadt\6. semester\simulation von robotersystemen\praktikum\termin 6 - breitensuche\termin6\x86\debug\obj\libpng\pngerror.obj
c:\users\alexander wilms\documents\ausbildung\hochschule darmstadt\6. semester\simulation von robotersystemen\praktikum\termin 6 - breitensuche\termin6\x86\debug\obj\libpng\pngget.obj
c:\users\alexander wilms\documents\ausbildung\hochschule darmstadt\6. semester\simulation von robotersystemen\praktikum\termin 6 - breitensuche\termin6\x86\debug\obj\libpng\pngmem.obj
c:\users\alexander wilms\documents\ausbildung\hochschule darmstadt\6. semester\simulation von robotersystemen\praktikum\termin 6 - breitensuche\termin6\x86\debug\obj\libpng\pngpread.obj
c:\users\alexander wilms\documents\ausbildung\hochschule darmstadt\6. semester\simulation von robotersystemen\praktikum\termin 6 - breitensuche\termin6\x86\debug\obj\libpng\pngread.obj
c:\users\alexander wilms\documents\ausbildung\hochschule darmstadt\6. semester\simulation von robotersystemen\praktikum\termin 6 - breitensuche\termin6\x86\debug\obj\libpng\pngrio.obj
c:\users\alexander wilms\documents\ausbildung\hochschule darmstadt\6. semester\simulation von robotersystemen\praktikum\termin 6 - breitensuche\termin6\x86\debug\obj\libpng\pngrtran.obj
c:\users\alexander wilms\documents\ausbildung\hochschule darmstadt\6. semester\simulation von robotersystemen\praktikum\termin 6 - breitensuche\termin6\x86\debug\obj\libpng\pngrutil.obj
c:\users\alexander wilms\documents\ausbildung\hochschule darmstadt\6. semester\simulation von robotersystemen\praktikum\termin 6 - breitensuche\termin6\x86\debug\obj\libpng\pngset.obj
c:\users\alexander wilms\documents\ausbildung\hochschule darmstadt\6. semester\simulation von robotersystemen\praktikum\termin 6 - breitensuche\termin6\x86\debug\obj\libpng\pngtrans.obj
c:\users\alexander wilms\documents\ausbildung\hochschule darmstadt\6. semester\simulation von robotersystemen\praktikum\termin 6 - breitensuche\termin6\x86\debug\obj\libpng\pngwio.obj
c:\users\alexander wilms\documents\ausbildung\hochschule darmstadt\6. semester\simulation von robotersystemen\praktikum\termin 6 - breitensuche\termin6\x86\debug\obj\libpng\pngwrite.obj
c:\users\alexander wilms\documents\ausbildung\hochschule darmstadt\6. semester\simulation von robotersystemen\praktikum\termin 6 - breitensuche\termin6\x86\debug\obj\libpng\pngwtran.obj
c:\users\alexander wilms\documents\ausbildung\hochschule darmstadt\6. semester\simulation von robotersystemen\praktikum\termin 6 - breitensuche\termin6\x86\debug\obj\libpng\pngwutil.obj
c:\users\alexander wilms\documents\ausbildung\hochschule darmstadt\6. semester\simulation von robotersystemen\praktikum\termin 6 - breitensuche\termin6\x86\debug\libpng.lib
c:\users\alexander wilms\documents\ausbildung\hochschule darmstadt\6. semester\simulation von robotersystemen\praktikum\termin 6 - breitensuche\termin6\x86\debug\libpng.pdb
c:\users\alexander wilms\documents\ausbildung\hochschule darmstadt\6. semester\simulation von robotersystemen\praktikum\termin 6 - breitensuche\termin6\x86\debug\obj\libpng\libpng.tlog\cl.command.1.tlog
c:\users\alexander wilms\documents\ausbildung\hochschule darmstadt\6. semester\simulation von robotersystemen\praktikum\termin 6 - breitensuche\termin6\x86\debug\obj\libpng\libpng.tlog\cl.read.1.tlog
c:\users\alexander wilms\documents\ausbildung\hochschule darmstadt\6. semester\simulation von robotersystemen\praktikum\termin 6 - breitensuche\termin6\x86\debug\obj\libpng\libpng.tlog\cl.write.1.tlog
c:\users\alexander wilms\documents\ausbildung\hochschule darmstadt\6. semester\simulation von robotersystemen\praktikum\termin 6 - breitensuche\termin6\x86\debug\obj\libpng\libpng.tlog\lib-link.read.1.tlog
c:\users\alexander wilms\documents\ausbildung\hochschule darmstadt\6. semester\simulation von robotersystemen\praktikum\termin 6 - breitensuche\termin6\x86\debug\obj\libpng\libpng.tlog\lib-link.write.1.tlog
c:\users\alexander wilms\documents\ausbildung\hochschule darmstadt\6. semester\simulation von robotersystemen\praktikum\termin 6 - breitensuche\termin6\x86\debug\obj\libpng\libpng.tlog\lib.command.1.tlog
