c:\users\alexander wilms\documents\ausbildung\hochschule darmstadt\6. semester\simulation von robotersystemen\praktikum\termin 6 - breitensuche\termin6\x86\debug\obj\zlib\zlib.pdb
c:\users\alexander wilms\documents\ausbildung\hochschule darmstadt\6. semester\simulation von robotersystemen\praktikum\termin 6 - breitensuche\termin6\x86\debug\obj\zlib\zlib.idb
c:\users\alexander wilms\documents\ausbildung\hochschule darmstadt\6. semester\simulation von robotersystemen\praktikum\termin 6 - breitensuche\termin6\x86\debug\obj\zlib\adler32.obj
c:\users\alexander wilms\documents\ausbildung\hochschule darmstadt\6. semester\simulation von robotersystemen\praktikum\termin 6 - breitensuche\termin6\x86\debug\obj\zlib\compress.obj
c:\users\alexander wilms\documents\ausbildung\hochschule darmstadt\6. semester\simulation von robotersystemen\praktikum\termin 6 - breitensuche\termin6\x86\debug\obj\zlib\crc32.obj
c:\users\alexander wilms\documents\ausbildung\hochschule darmstadt\6. semester\simulation von robotersystemen\praktikum\termin 6 - breitensuche\termin6\x86\debug\obj\zlib\deflate.obj
c:\users\alexander wilms\documents\ausbildung\hochschule darmstadt\6. semester\simulation von robotersystemen\praktikum\termin 6 - breitensuche\termin6\x86\debug\obj\zlib\infback.obj
c:\users\alexander wilms\documents\ausbildung\hochschule darmstadt\6. semester\simulation von robotersystemen\praktikum\termin 6 - breitensuche\termin6\x86\debug\obj\zlib\inffast.obj
c:\users\alexander wilms\documents\ausbildung\hochschule darmstadt\6. semester\simulation von robotersystemen\praktikum\termin 6 - breitensuche\termin6\x86\debug\obj\zlib\inflate.obj
c:\users\alexander wilms\documents\ausbildung\hochschule darmstadt\6. semester\simulation von robotersystemen\praktikum\termin 6 - breitensuche\termin6\x86\debug\obj\zlib\inftrees.obj
c:\users\alexander wilms\documents\ausbildung\hochschule darmstadt\6. semester\simulation von robotersystemen\praktikum\termin 6 - breitensuche\termin6\x86\debug\obj\zlib\trees.obj
c:\users\alexander wilms\documents\ausbildung\hochschule darmstadt\6. semester\simulation von robotersystemen\praktikum\termin 6 - breitensuche\termin6\x86\debug\obj\zlib\uncompr.obj
c:\users\alexander wilms\documents\ausbildung\hochschule darmstadt\6. semester\simulation von robotersystemen\praktikum\termin 6 - breitensuche\termin6\x86\debug\obj\zlib\zutil.obj
c:\users\alexander wilms\documents\ausbildung\hochschule darmstadt\6. semester\simulation von robotersystemen\praktikum\termin 6 - breitensuche\termin6\x86\debug\zlib.lib
c:\users\alexander wilms\documents\ausbildung\hochschule darmstadt\6. semester\simulation von robotersystemen\praktikum\termin 6 - breitensuche\termin6\x86\debug\zlib.pdb
c:\users\alexander wilms\documents\ausbildung\hochschule darmstadt\6. semester\simulation von robotersystemen\praktikum\termin 6 - breitensuche\termin6\x86\debug\obj\zlib\zlib.tlog\cl.command.1.tlog
c:\users\alexander wilms\documents\ausbildung\hochschule darmstadt\6. semester\simulation von robotersystemen\praktikum\termin 6 - breitensuche\termin6\x86\debug\obj\zlib\zlib.tlog\cl.read.1.tlog
c:\users\alexander wilms\documents\ausbildung\hochschule darmstadt\6. semester\simulation von robotersystemen\praktikum\termin 6 - breitensuche\termin6\x86\debug\obj\zlib\zlib.tlog\cl.write.1.tlog
c:\users\alexander wilms\documents\ausbildung\hochschule darmstadt\6. semester\simulation von robotersystemen\praktikum\termin 6 - breitensuche\termin6\x86\debug\obj\zlib\zlib.tlog\lib-link.read.1.tlog
c:\users\alexander wilms\documents\ausbildung\hochschule darmstadt\6. semester\simulation von robotersystemen\praktikum\termin 6 - breitensuche\termin6\x86\debug\obj\zlib\zlib.tlog\lib-link.write.1.tlog
c:\users\alexander wilms\documents\ausbildung\hochschule darmstadt\6. semester\simulation von robotersystemen\praktikum\termin 6 - breitensuche\termin6\x86\debug\obj\zlib\zlib.tlog\lib.command.1.tlog
